{"/Users/anudeepreddy/Documents/personal_projects/movies_ott/danz-movie/src/app.controller.ts": {"path":"/Users/anudeepreddy/Documents/personal_projects/movies_ott/danz-movie/src/app.controller.ts","statementMap":{"0":{"start":{"line":1,"column":0},"end":{"line":1,"column":null}},"1":{"start":{"line":5,"column":0},"end":{"line":5,"column":43}},"2":{"start":{"line":7,"column":7},"end":{"line":14,"column":null}},"3":{"start":{"line":8,"column":31},"end":{"line":8,"column":43}},"4":{"start":{"line":12,"column":4},"end":{"line":12,"column":38}},"5":{"start":{"line":7,"column":13},"end":{"line":7,"column":26}},"6":{"start":{"line":11,"column":2},"end":{"line":13,"column":null}},"7":{"start":{"line":7,"column":13},"end":{"line":14,"column":null}}},"fnMap":{"0":{"name":"(anonymous_2)","decl":{"start":{"line":8,"column":2},"end":{"line":8,"column":31}},"loc":{"start":{"line":8,"column":53},"end":{"line":8,"column":57}}},"1":{"name":"(anonymous_3)","decl":{"start":{"line":11,"column":2},"end":{"line":11,"column":10}},"loc":{"start":{"line":11,"column":10},"end":{"line":13,"column":3}}}},"branchMap":{},"s":{"0":1,"1":1,"2":1,"3":1,"4":1,"5":1,"6":1,"7":1},"f":{"0":1,"1":1},"b":{}}
,"/Users/anudeepreddy/Documents/personal_projects/movies_ott/danz-movie/src/app.module.ts": {"path":"/Users/anudeepreddy/Documents/personal_projects/movies_ott/danz-movie/src/app.module.ts","statementMap":{"0":{"start":{"line":1,"column":0},"end":{"line":1,"column":40}},"1":{"start":{"line":2,"column":0},"end":{"line":2,"column":49}},"2":{"start":{"line":3,"column":0},"end":{"line":3,"column":43}},"3":{"start":{"line":4,"column":0},"end":{"line":4,"column":54}},"4":{"start":{"line":5,"column":0},"end":{"line":5,"column":50}},"5":{"start":{"line":6,"column":0},"end":{"line":6,"column":48}},"6":{"start":{"line":7,"column":0},"end":{"line":7,"column":60}},"7":{"start":{"line":24,"column":7},"end":{"line":24,"column":null}},"8":{"start":{"line":24,"column":13},"end":{"line":24,"column":22}},"9":{"start":{"line":24,"column":13},"end":{"line":24,"column":null}},"10":{"start":{"line":16,"column":52},"end":{"line":18,"column":8}}},"fnMap":{"0":{"name":"(anonymous_1)","decl":{"start":{"line":16,"column":18},"end":{"line":16,"column":23}},"loc":{"start":{"line":16,"column":52},"end":{"line":18,"column":8}}}},"branchMap":{},"s":{"0":0,"1":0,"2":0,"3":0,"4":0,"5":0,"6":0,"7":0,"8":0,"9":0,"10":0},"f":{"0":0},"b":{}}
,"/Users/anudeepreddy/Documents/personal_projects/movies_ott/danz-movie/src/app.service.ts": {"path":"/Users/anudeepreddy/Documents/personal_projects/movies_ott/danz-movie/src/app.service.ts","statementMap":{"0":{"start":{"line":1,"column":0},"end":{"line":1,"column":44}},"1":{"start":{"line":4,"column":7},"end":{"line":8,"column":null}},"2":{"start":{"line":6,"column":4},"end":{"line":6,"column":26}},"3":{"start":{"line":4,"column":13},"end":{"line":4,"column":23}},"4":{"start":{"line":4,"column":13},"end":{"line":8,"column":null}}},"fnMap":{"0":{"name":"(anonymous_1)","decl":{"start":{"line":5,"column":2},"end":{"line":5,"column":10}},"loc":{"start":{"line":5,"column":10},"end":{"line":7,"column":3}}}},"branchMap":{},"s":{"0":1,"1":1,"2":1,"3":1,"4":1},"f":{"0":1},"b":{}}
,"/Users/anudeepreddy/Documents/personal_projects/movies_ott/danz-movie/src/main.ts": {"path":"/Users/anudeepreddy/Documents/personal_projects/movies_ott/danz-movie/src/main.ts","statementMap":{"0":{"start":{"line":1,"column":0},"end":{"line":1,"column":43}},"1":{"start":{"line":2,"column":0},"end":{"line":2,"column":41}},"2":{"start":{"line":3,"column":0},"end":{"line":3,"column":65}},"3":{"start":{"line":4,"column":0},"end":{"line":4,"column":48}},"4":{"start":{"line":5,"column":0},"end":{"line":5,"column":33}},"5":{"start":{"line":7,"column":2},"end":{"line":7,"column":18}},"6":{"start":{"line":9,"column":14},"end":{"line":9,"column":49}},"7":{"start":{"line":10,"column":2},"end":{"line":10,"column":19}},"8":{"start":{"line":11,"column":2},"end":{"line":15,"column":4}},"9":{"start":{"line":16,"column":17},"end":{"line":22,"column":12}},"10":{"start":{"line":23,"column":19},"end":{"line":23,"column":60}},"11":{"start":{"line":24,"column":2},"end":{"line":24,"column":44}},"12":{"start":{"line":25,"column":2},"end":{"line":25,"column":25}},"13":{"start":{"line":28,"column":0},"end":{"line":28,"column":12}}},"fnMap":{"0":{"name":"bootstrap","decl":{"start":{"line":6,"column":15},"end":{"line":6,"column":24}},"loc":{"start":{"line":6,"column":24},"end":{"line":26,"column":1}}}},"branchMap":{},"s":{"0":0,"1":0,"2":0,"3":0,"4":0,"5":0,"6":0,"7":0,"8":0,"9":0,"10":0,"11":0,"12":0,"13":0},"f":{"0":0},"b":{}}
,"/Users/anudeepreddy/Documents/personal_projects/movies_ott/danz-movie/src/movies/movies.controller.ts": {"path":"/Users/anudeepreddy/Documents/personal_projects/movies_ott/danz-movie/src/movies/movies.controller.ts","statementMap":{"0":{"start":{"line":1,"column":0},"end":{"line":1,"column":null}},"1":{"start":{"line":14,"column":0},"end":{"line":14,"column":49}},"2":{"start":{"line":15,"column":0},"end":{"line":15,"column":66}},"3":{"start":{"line":16,"column":0},"end":{"line":16,"column":61}},"4":{"start":{"line":17,"column":0},"end":{"line":17,"column":45}},"5":{"start":{"line":20,"column":7},"end":{"line":297,"column":null}},"6":{"start":{"line":21,"column":31},"end":{"line":21,"column":46}},"7":{"start":{"line":97,"column":17},"end":{"line":97,"column":19}},"8":{"start":{"line":98,"column":4},"end":{"line":107,"column":5}},"9":{"start":{"line":99,"column":6},"end":{"line":106,"column":8}},"10":{"start":{"line":108,"column":21},"end":{"line":108,"column":77}},"11":{"start":{"line":109,"column":4},"end":{"line":109,"column":70}},"12":{"start":{"line":166,"column":17},"end":{"line":166,"column":19}},"13":{"start":{"line":167,"column":4},"end":{"line":176,"column":5}},"14":{"start":{"line":168,"column":6},"end":{"line":175,"column":8}},"15":{"start":{"line":177,"column":21},"end":{"line":177,"column":61}},"16":{"start":{"line":178,"column":4},"end":{"line":178,"column":62}},"17":{"start":{"line":234,"column":21},"end":{"line":234,"column":58}},"18":{"start":{"line":235,"column":4},"end":{"line":235,"column":63}},"19":{"start":{"line":274,"column":21},"end":{"line":274,"column":61}},"20":{"start":{"line":275,"column":4},"end":{"line":279,"column":5}},"21":{"start":{"line":276,"column":6},"end":{"line":276,"column":71}},"22":{"start":{"line":278,"column":6},"end":{"line":278,"column":65}},"23":{"start":{"line":286,"column":21},"end":{"line":286,"column":60}},"24":{"start":{"line":287,"column":4},"end":{"line":287,"column":63}},"25":{"start":{"line":294,"column":21},"end":{"line":294,"column":62}},"26":{"start":{"line":295,"column":4},"end":{"line":295,"column":62}},"27":{"start":{"line":20,"column":13},"end":{"line":20,"column":29}},"28":{"start":{"line":96,"column":8},"end":{"line":110,"column":null}},"29":{"start":{"line":165,"column":8},"end":{"line":179,"column":null}},"30":{"start":{"line":233,"column":8},"end":{"line":236,"column":null}},"31":{"start":{"line":273,"column":8},"end":{"line":280,"column":null}},"32":{"start":{"line":285,"column":8},"end":{"line":288,"column":null}},"33":{"start":{"line":293,"column":8},"end":{"line":296,"column":null}},"34":{"start":{"line":20,"column":13},"end":{"line":297,"column":null}}},"fnMap":{"0":{"name":"(anonymous_4)","decl":{"start":{"line":21,"column":2},"end":{"line":21,"column":31}},"loc":{"start":{"line":21,"column":59},"end":{"line":21,"column":63}}},"1":{"name":"(anonymous_5)","decl":{"start":{"line":96,"column":2},"end":{"line":96,"column":7}},"loc":{"start":{"line":96,"column":45},"end":{"line":110,"column":3}}},"2":{"name":"(anonymous_6)","decl":{"start":{"line":165,"column":2},"end":{"line":165,"column":7}},"loc":{"start":{"line":165,"column":48},"end":{"line":179,"column":3}}},"3":{"name":"(anonymous_7)","decl":{"start":{"line":233,"column":2},"end":{"line":233,"column":7}},"loc":{"start":{"line":233,"column":52},"end":{"line":236,"column":3}}},"4":{"name":"(anonymous_8)","decl":{"start":{"line":273,"column":2},"end":{"line":273,"column":7}},"loc":{"start":{"line":273,"column":40},"end":{"line":280,"column":3}}},"5":{"name":"(anonymous_9)","decl":{"start":{"line":285,"column":2},"end":{"line":285,"column":7}},"loc":{"start":{"line":285,"column":43},"end":{"line":288,"column":3}}},"6":{"name":"(anonymous_10)","decl":{"start":{"line":293,"column":2},"end":{"line":293,"column":7}},"loc":{"start":{"line":293,"column":77},"end":{"line":296,"column":3}}}},"branchMap":{"0":{"loc":{"start":{"line":98,"column":4},"end":{"line":107,"column":5}},"type":"if","locations":[{"start":{"line":98,"column":4},"end":{"line":107,"column":5}}]},"1":{"loc":{"start":{"line":167,"column":4},"end":{"line":176,"column":5}},"type":"if","locations":[{"start":{"line":167,"column":4},"end":{"line":176,"column":5}}]},"2":{"loc":{"start":{"line":275,"column":4},"end":{"line":279,"column":5}},"type":"if","locations":[{"start":{"line":275,"column":4},"end":{"line":279,"column":5}},{"start":{"line":277,"column":11},"end":{"line":279,"column":5}}]}},"s":{"0":1,"1":1,"2":1,"3":1,"4":1,"5":1,"6":1,"7":0,"8":0,"9":0,"10":0,"11":0,"12":0,"13":0,"14":0,"15":0,"16":0,"17":0,"18":0,"19":0,"20":0,"21":0,"22":0,"23":0,"24":0,"25":0,"26":0,"27":1,"28":1,"29":1,"30":1,"31":1,"32":1,"33":1,"34":1},"f":{"0":1,"1":0,"2":0,"3":0,"4":0,"5":0,"6":0},"b":{"0":[0],"1":[0],"2":[0,0]}}
,"/Users/anudeepreddy/Documents/personal_projects/movies_ott/danz-movie/src/movies/movies.module.ts": {"path":"/Users/anudeepreddy/Documents/personal_projects/movies_ott/danz-movie/src/movies/movies.module.ts","statementMap":{"0":{"start":{"line":1,"column":0},"end":{"line":1,"column":40}},"1":{"start":{"line":2,"column":0},"end":{"line":2,"column":49}},"2":{"start":{"line":3,"column":0},"end":{"line":3,"column":55}},"3":{"start":{"line":4,"column":0},"end":{"line":4,"column":55}},"4":{"start":{"line":5,"column":0},"end":{"line":5,"column":50}},"5":{"start":{"line":6,"column":0},"end":{"line":6,"column":62}},"6":{"start":{"line":7,"column":0},"end":{"line":7,"column":49}},"7":{"start":{"line":8,"column":0},"end":{"line":8,"column":51}},"8":{"start":{"line":9,"column":0},"end":{"line":9,"column":55}},"9":{"start":{"line":10,"column":0},"end":{"line":10,"column":40}},"10":{"start":{"line":34,"column":7},"end":{"line":34,"column":null}},"11":{"start":{"line":34,"column":13},"end":{"line":34,"column":25}},"12":{"start":{"line":34,"column":13},"end":{"line":34,"column":null}},"13":{"start":{"line":15,"column":25},"end":{"line":20,"column":8}}},"fnMap":{"0":{"name":"(anonymous_1)","decl":{"start":{"line":15,"column":18},"end":{"line":15,"column":21}},"loc":{"start":{"line":15,"column":25},"end":{"line":20,"column":8}}}},"branchMap":{"0":{"loc":{"start":{"line":16,"column":16},"end":{"line":16,"column":52}},"type":"binary-expr","locations":[{"start":{"line":16,"column":16},"end":{"line":16,"column":39}},{"start":{"line":16,"column":43},"end":{"line":16,"column":52}}]}},"s":{"0":0,"1":0,"2":0,"3":0,"4":0,"5":0,"6":0,"7":0,"8":0,"9":0,"10":0,"11":0,"12":0,"13":0},"f":{"0":0},"b":{"0":[0,0]}}
,"/Users/anudeepreddy/Documents/personal_projects/movies_ott/danz-movie/src/movies/movies.schema.ts": {"path":"/Users/anudeepreddy/Documents/personal_projects/movies_ott/danz-movie/src/movies/movies.schema.ts","statementMap":{"0":{"start":{"line":1,"column":0},"end":{"line":1,"column":63}},"1":{"start":{"line":7,"column":7},"end":{"line":19,"column":null}},"2":{"start":{"line":7,"column":13},"end":{"line":7,"column":19}},"3":{"start":{"line":8,"column":28},"end":{"line":8,"column":null}},"4":{"start":{"line":10,"column":28},"end":{"line":10,"column":null}},"5":{"start":{"line":12,"column":28},"end":{"line":12,"column":null}},"6":{"start":{"line":14,"column":28},"end":{"line":14,"column":null}},"7":{"start":{"line":16,"column":10},"end":{"line":16,"column":null}},"8":{"start":{"line":18,"column":10},"end":{"line":18,"column":null}},"9":{"start":{"line":7,"column":13},"end":{"line":19,"column":null}},"10":{"start":{"line":21,"column":13},"end":{"line":21,"column":65}}},"fnMap":{},"branchMap":{},"s":{"0":2,"1":2,"2":2,"3":2,"4":2,"5":2,"6":2,"7":2,"8":2,"9":2,"10":2},"f":{},"b":{}}
,"/Users/anudeepreddy/Documents/personal_projects/movies_ott/danz-movie/src/movies/movies.service.ts": {"path":"/Users/anudeepreddy/Documents/personal_projects/movies_ott/danz-movie/src/movies/movies.service.ts","statementMap":{"0":{"start":{"line":1,"column":0},"end":{"line":1,"column":44}},"1":{"start":{"line":2,"column":0},"end":{"line":2,"column":47}},"2":{"start":{"line":3,"column":0},"end":{"line":3,"column":41}},"3":{"start":{"line":4,"column":0},"end":{"line":4,"column":33}},"4":{"start":{"line":8,"column":7},"end":{"line":55,"column":null}},"5":{"start":{"line":9,"column":48},"end":{"line":9,"column":60}},"6":{"start":{"line":12,"column":25},"end":{"line":12,"column":60}},"7":{"start":{"line":13,"column":4},"end":{"line":13,"column":31}},"8":{"start":{"line":17,"column":4},"end":{"line":17,"column":47}},"9":{"start":{"line":21,"column":4},"end":{"line":21,"column":48}},"10":{"start":{"line":25,"column":4},"end":{"line":25,"column":66}},"11":{"start":{"line":29,"column":4},"end":{"line":29,"column":50}},"12":{"start":{"line":37,"column":17},"end":{"line":37,"column":35}},"13":{"start":{"line":40,"column":17},"end":{"line":40,"column":82}},"14":{"start":{"line":43,"column":22},"end":{"line":43,"column":67}},"15":{"start":{"line":46,"column":23},"end":{"line":46,"column":51}},"16":{"start":{"line":48,"column":4},"end":{"line":53,"column":6}},"17":{"start":{"line":8,"column":13},"end":{"line":8,"column":26}},"18":{"start":{"line":8,"column":13},"end":{"line":55,"column":null}}},"fnMap":{"0":{"name":"(anonymous_4)","decl":{"start":{"line":9,"column":2},"end":{"line":9,"column":15}},"loc":{"start":{"line":9,"column":73},"end":{"line":9,"column":77}}},"1":{"name":"(anonymous_5)","decl":{"start":{"line":11,"column":2},"end":{"line":11,"column":7}},"loc":{"start":{"line":11,"column":34},"end":{"line":14,"column":3}}},"2":{"name":"(anonymous_6)","decl":{"start":{"line":16,"column":2},"end":{"line":16,"column":7}},"loc":{"start":{"line":16,"column":27},"end":{"line":18,"column":3}}},"3":{"name":"(anonymous_7)","decl":{"start":{"line":20,"column":2},"end":{"line":20,"column":7}},"loc":{"start":{"line":20,"column":30},"end":{"line":22,"column":3}}},"4":{"name":"(anonymous_8)","decl":{"start":{"line":24,"column":2},"end":{"line":24,"column":7}},"loc":{"start":{"line":24,"column":46},"end":{"line":26,"column":3}}},"5":{"name":"(anonymous_9)","decl":{"start":{"line":28,"column":2},"end":{"line":28,"column":7}},"loc":{"start":{"line":28,"column":29},"end":{"line":30,"column":3}}},"6":{"name":"(anonymous_10)","decl":{"start":{"line":32,"column":2},"end":{"line":32,"column":7}},"loc":{"start":{"line":35,"column":20},"end":{"line":54,"column":3}}}},"branchMap":{"0":{"loc":{"start":{"line":33,"column":4},"end":{"line":33,"column":20}},"type":"default-arg","locations":[{"start":{"line":33,"column":19},"end":{"line":33,"column":20}}]},"1":{"loc":{"start":{"line":34,"column":4},"end":{"line":34,"column":22}},"type":"default-arg","locations":[{"start":{"line":34,"column":20},"end":{"line":34,"column":22}}]},"2":{"loc":{"start":{"line":35,"column":4},"end":{"line":35,"column":20}},"type":"default-arg","locations":[{"start":{"line":35,"column":18},"end":{"line":35,"column":20}}]}},"s":{"0":2,"1":2,"2":2,"3":2,"4":2,"5":1,"6":0,"7":0,"8":0,"9":0,"10":0,"11":0,"12":0,"13":0,"14":0,"15":0,"16":0,"17":2,"18":2},"f":{"0":1,"1":0,"2":0,"3":0,"4":0,"5":0,"6":0},"b":{"0":[0],"1":[0],"2":[0]}}
,"/Users/anudeepreddy/Documents/personal_projects/movies_ott/danz-movie/src/movies/dto/movies-add-payload.dto.ts": {"path":"/Users/anudeepreddy/Documents/personal_projects/movies_ott/danz-movie/src/movies/dto/movies-add-payload.dto.ts","statementMap":{"0":{"start":{"line":1,"column":0},"end":{"line":1,"column":76}},"1":{"start":{"line":2,"column":0},"end":{"line":2,"column":46}},"2":{"start":{"line":3,"column":0},"end":{"line":3,"column":13}},"3":{"start":{"line":8,"column":11},"end":{"line":8,"column":null}},"4":{"start":{"line":13,"column":11},"end":{"line":13,"column":null}},"5":{"start":{"line":18,"column":11},"end":{"line":18,"column":null}},"6":{"start":{"line":23,"column":11},"end":{"line":23,"column":null}}},"fnMap":{},"branchMap":{},"s":{"0":1,"1":1,"2":1,"3":1,"4":1,"5":1,"6":1},"f":{},"b":{}}
,"/Users/anudeepreddy/Documents/personal_projects/movies_ott/danz-movie/src/movies/response/PaginatedResponseDto.ts": {"path":"/Users/anudeepreddy/Documents/personal_projects/movies_ott/danz-movie/src/movies/response/PaginatedResponseDto.ts","statementMap":{"0":{"start":{"line":1,"column":0},"end":{"line":1,"column":13}}},"fnMap":{},"branchMap":{},"s":{"0":0},"f":{},"b":{}}
,"/Users/anudeepreddy/Documents/personal_projects/movies_ott/danz-movie/src/user/user.controller.ts": {"path":"/Users/anudeepreddy/Documents/personal_projects/movies_ott/danz-movie/src/user/user.controller.ts","statementMap":{"0":{"start":{"line":1,"column":0},"end":{"line":1,"column":82}},"1":{"start":{"line":2,"column":0},"end":{"line":2,"column":46}},"2":{"start":{"line":3,"column":0},"end":{"line":3,"column":45}},"3":{"start":{"line":4,"column":0},"end":{"line":4,"column":45}},"4":{"start":{"line":5,"column":0},"end":{"line":5,"column":64}},"5":{"start":{"line":6,"column":0},"end":{"line":6,"column":35}},"6":{"start":{"line":7,"column":0},"end":{"line":7,"column":60}},"7":{"start":{"line":10,"column":7},"end":{"line":93,"column":null}},"8":{"start":{"line":11,"column":31},"end":{"line":11,"column":44}},"9":{"start":{"line":51,"column":24},"end":{"line":51,"column":74}},"10":{"start":{"line":52,"column":4},"end":{"line":52,"column":37}},"11":{"start":{"line":53,"column":26},"end":{"line":59,"column":6}},"12":{"start":{"line":60,"column":4},"end":{"line":60,"column":20}},"13":{"start":{"line":84,"column":4},"end":{"line":84,"column":57}},"14":{"start":{"line":85,"column":21},"end":{"line":85,"column":57}},"15":{"start":{"line":86,"column":4},"end":{"line":86,"column":34}},"16":{"start":{"line":87,"column":4},"end":{"line":91,"column":6}},"17":{"start":{"line":10,"column":13},"end":{"line":10,"column":27}},"18":{"start":{"line":50,"column":8},"end":{"line":61,"column":null}},"19":{"start":{"line":83,"column":8},"end":{"line":92,"column":null}},"20":{"start":{"line":10,"column":13},"end":{"line":93,"column":null}}},"fnMap":{"0":{"name":"(anonymous_4)","decl":{"start":{"line":11,"column":2},"end":{"line":11,"column":31}},"loc":{"start":{"line":11,"column":55},"end":{"line":11,"column":59}}},"1":{"name":"(anonymous_5)","decl":{"start":{"line":50,"column":2},"end":{"line":50,"column":7}},"loc":{"start":{"line":50,"column":45},"end":{"line":61,"column":3}}},"2":{"name":"(anonymous_6)","decl":{"start":{"line":83,"column":2},"end":{"line":83,"column":7}},"loc":{"start":{"line":83,"column":41},"end":{"line":92,"column":3}}}},"branchMap":{},"s":{"0":1,"1":1,"2":1,"3":1,"4":1,"5":1,"6":1,"7":1,"8":8,"9":3,"10":2,"11":2,"12":2,"13":0,"14":0,"15":0,"16":0,"17":1,"18":1,"19":1,"20":1},"f":{"0":8,"1":3,"2":0},"b":{}}
,"/Users/anudeepreddy/Documents/personal_projects/movies_ott/danz-movie/src/user/user.module.ts": {"path":"/Users/anudeepreddy/Documents/personal_projects/movies_ott/danz-movie/src/user/user.module.ts","statementMap":{"0":{"start":{"line":1,"column":0},"end":{"line":1,"column":40}},"1":{"start":{"line":2,"column":0},"end":{"line":2,"column":45}},"2":{"start":{"line":3,"column":0},"end":{"line":3,"column":51}},"3":{"start":{"line":4,"column":0},"end":{"line":4,"column":40}},"4":{"start":{"line":6,"column":0},"end":{"line":6,"column":50}},"5":{"start":{"line":7,"column":0},"end":{"line":7,"column":49}},"6":{"start":{"line":8,"column":0},"end":{"line":8,"column":60}},"7":{"start":{"line":9,"column":0},"end":{"line":9,"column":56}},"8":{"start":{"line":27,"column":7},"end":{"line":27,"column":null}},"9":{"start":{"line":27,"column":13},"end":{"line":27,"column":23}},"10":{"start":{"line":27,"column":13},"end":{"line":27,"column":null}},"11":{"start":{"line":15,"column":25},"end":{"line":20,"column":8}}},"fnMap":{"0":{"name":"(anonymous_1)","decl":{"start":{"line":15,"column":18},"end":{"line":15,"column":21}},"loc":{"start":{"line":15,"column":25},"end":{"line":20,"column":8}}}},"branchMap":{"0":{"loc":{"start":{"line":16,"column":16},"end":{"line":16,"column":52}},"type":"binary-expr","locations":[{"start":{"line":16,"column":16},"end":{"line":16,"column":39}},{"start":{"line":16,"column":43},"end":{"line":16,"column":52}}]}},"s":{"0":0,"1":0,"2":0,"3":0,"4":0,"5":0,"6":0,"7":0,"8":0,"9":0,"10":0,"11":0},"f":{"0":0},"b":{"0":[0,0]}}
,"/Users/anudeepreddy/Documents/personal_projects/movies_ott/danz-movie/src/user/user.schema.ts": {"path":"/Users/anudeepreddy/Documents/personal_projects/movies_ott/danz-movie/src/user/user.schema.ts","statementMap":{"0":{"start":{"line":1,"column":0},"end":{"line":1,"column":63}},"1":{"start":{"line":7,"column":7},"end":{"line":15,"column":null}},"2":{"start":{"line":7,"column":13},"end":{"line":7,"column":17}},"3":{"start":{"line":8,"column":42},"end":{"line":8,"column":null}},"4":{"start":{"line":10,"column":28},"end":{"line":10,"column":null}},"5":{"start":{"line":12,"column":10},"end":{"line":12,"column":null}},"6":{"start":{"line":14,"column":10},"end":{"line":14,"column":null}},"7":{"start":{"line":7,"column":13},"end":{"line":15,"column":null}},"8":{"start":{"line":17,"column":13},"end":{"line":17,"column":61}}},"fnMap":{},"branchMap":{},"s":{"0":2,"1":2,"2":2,"3":2,"4":2,"5":2,"6":2,"7":2,"8":2},"f":{},"b":{}}
,"/Users/anudeepreddy/Documents/personal_projects/movies_ott/danz-movie/src/user/user.service.ts": {"path":"/Users/anudeepreddy/Documents/personal_projects/movies_ott/danz-movie/src/user/user.service.ts","statementMap":{"0":{"start":{"line":1,"column":0},"end":{"line":1,"column":44}},"1":{"start":{"line":2,"column":0},"end":{"line":2,"column":47}},"2":{"start":{"line":3,"column":0},"end":{"line":3,"column":37}},"3":{"start":{"line":4,"column":0},"end":{"line":4,"column":33}},"4":{"start":{"line":5,"column":0},"end":{"line":5,"column":41}},"5":{"start":{"line":8,"column":7},"end":{"line":38,"column":null}},"6":{"start":{"line":10,"column":36},"end":{"line":10,"column":47}},"7":{"start":{"line":11,"column":21},"end":{"line":11,"column":33}},"8":{"start":{"line":15,"column":19},"end":{"line":15,"column":43}},"9":{"start":{"line":16,"column":4},"end":{"line":16,"column":25}},"10":{"start":{"line":20,"column":4},"end":{"line":20,"column":46}},"11":{"start":{"line":24,"column":4},"end":{"line":24,"column":47}},"12":{"start":{"line":28,"column":4},"end":{"line":28,"column":52}},"13":{"start":{"line":32,"column":4},"end":{"line":32,"column":65}},"14":{"start":{"line":36,"column":4},"end":{"line":36,"column":38}},"15":{"start":{"line":8,"column":13},"end":{"line":8,"column":24}},"16":{"start":{"line":8,"column":13},"end":{"line":38,"column":null}}},"fnMap":{"0":{"name":"(anonymous_4)","decl":{"start":{"line":9,"column":2},"end":{"line":9,"column":null}},"loc":{"start":{"line":11,"column":43},"end":{"line":12,"column":6}}},"1":{"name":"(anonymous_5)","decl":{"start":{"line":14,"column":2},"end":{"line":14,"column":7}},"loc":{"start":{"line":14,"column":24},"end":{"line":17,"column":3}}},"2":{"name":"(anonymous_6)","decl":{"start":{"line":19,"column":2},"end":{"line":19,"column":7}},"loc":{"start":{"line":19,"column":27},"end":{"line":21,"column":3}}},"3":{"name":"(anonymous_7)","decl":{"start":{"line":23,"column":2},"end":{"line":23,"column":7}},"loc":{"start":{"line":23,"column":30},"end":{"line":25,"column":3}}},"4":{"name":"(anonymous_8)","decl":{"start":{"line":27,"column":2},"end":{"line":27,"column":7}},"loc":{"start":{"line":27,"column":36},"end":{"line":29,"column":3}}},"5":{"name":"(anonymous_9)","decl":{"start":{"line":31,"column":2},"end":{"line":31,"column":7}},"loc":{"start":{"line":31,"column":46},"end":{"line":33,"column":3}}},"6":{"name":"(anonymous_10)","decl":{"start":{"line":35,"column":9},"end":{"line":35,"column":24}},"loc":{"start":{"line":35,"column":34},"end":{"line":37,"column":3}}}},"branchMap":{},"s":{"0":2,"1":2,"2":2,"3":2,"4":2,"5":2,"6":1,"7":1,"8":0,"9":0,"10":0,"11":0,"12":0,"13":0,"14":0,"15":2,"16":2},"f":{"0":1,"1":0,"2":0,"3":0,"4":0,"5":0,"6":0},"b":{}}
,"/Users/anudeepreddy/Documents/personal_projects/movies_ott/danz-movie/src/user/dto/user-add-payload.dto.ts": {"path":"/Users/anudeepreddy/Documents/personal_projects/movies_ott/danz-movie/src/user/dto/user-add-payload.dto.ts","statementMap":{"0":{"start":{"line":1,"column":0},"end":{"line":1,"column":62}},"1":{"start":{"line":2,"column":0},"end":{"line":2,"column":46}},"2":{"start":{"line":4,"column":0},"end":{"line":4,"column":13}},"3":{"start":{"line":8,"column":2},"end":{"line":8,"column":null}},"4":{"start":{"line":15,"column":2},"end":{"line":15,"column":null}}},"fnMap":{},"branchMap":{},"s":{"0":1,"1":1,"2":1,"3":1,"4":1},"f":{},"b":{}}
,"/Users/anudeepreddy/Documents/personal_projects/movies_ott/danz-movie/src/user/dto/user-login-payload.dto.ts": {"path":"/Users/anudeepreddy/Documents/personal_projects/movies_ott/danz-movie/src/user/dto/user-login-payload.dto.ts","statementMap":{"0":{"start":{"line":1,"column":0},"end":{"line":1,"column":62}},"1":{"start":{"line":2,"column":0},"end":{"line":2,"column":46}},"2":{"start":{"line":4,"column":0},"end":{"line":4,"column":13}},"3":{"start":{"line":12,"column":2},"end":{"line":12,"column":null}},"4":{"start":{"line":23,"column":2},"end":{"line":23,"column":null}}},"fnMap":{},"branchMap":{},"s":{"0":1,"1":1,"2":1,"3":1,"4":1},"f":{},"b":{}}
,"/Users/anudeepreddy/Documents/personal_projects/movies_ott/danz-movie/src/user/strategies/jwt.strategy.ts": {"path":"/Users/anudeepreddy/Documents/personal_projects/movies_ott/danz-movie/src/user/strategies/jwt.strategy.ts","statementMap":{"0":{"start":{"line":1,"column":0},"end":{"line":1,"column":67}},"1":{"start":{"line":2,"column":0},"end":{"line":2,"column":52}},"2":{"start":{"line":3,"column":0},"end":{"line":3,"column":52}},"3":{"start":{"line":4,"column":0},"end":{"line":4,"column":46}},"4":{"start":{"line":7,"column":7},"end":{"line":23,"column":null}},"5":{"start":{"line":9,"column":4},"end":{"line":13,"column":7}},"6":{"start":{"line":8,"column":31},"end":{"line":8,"column":44}},"7":{"start":{"line":17,"column":17},"end":{"line":17,"column":69}},"8":{"start":{"line":18,"column":4},"end":{"line":20,"column":5}},"9":{"start":{"line":19,"column":6},"end":{"line":19,"column":40}},"10":{"start":{"line":21,"column":4},"end":{"line":21,"column":16}},"11":{"start":{"line":7,"column":13},"end":{"line":7,"column":24}},"12":{"start":{"line":7,"column":13},"end":{"line":23,"column":null}}},"fnMap":{"0":{"name":"(anonymous_2)","decl":{"start":{"line":8,"column":2},"end":{"line":8,"column":31}},"loc":{"start":{"line":8,"column":55},"end":{"line":14,"column":3}}},"1":{"name":"(anonymous_3)","decl":{"start":{"line":16,"column":9},"end":{"line":16,"column":14}},"loc":{"start":{"line":16,"column":36},"end":{"line":22,"column":3}}}},"branchMap":{"0":{"loc":{"start":{"line":12,"column":19},"end":{"line":12,"column":55}},"type":"binary-expr","locations":[{"start":{"line":12,"column":19},"end":{"line":12,"column":42}},{"start":{"line":12,"column":46},"end":{"line":12,"column":55}}]},"1":{"loc":{"start":{"line":18,"column":4},"end":{"line":20,"column":5}},"type":"if","locations":[{"start":{"line":18,"column":4},"end":{"line":20,"column":5}}]}},"s":{"0":0,"1":0,"2":0,"3":0,"4":0,"5":0,"6":0,"7":0,"8":0,"9":0,"10":0,"11":0,"12":0},"f":{"0":0,"1":0},"b":{"0":[0,0],"1":[0]}}
,"/Users/anudeepreddy/Documents/personal_projects/movies_ott/danz-movie/src/user/strategies/local.strategy.ts": {"path":"/Users/anudeepreddy/Documents/personal_projects/movies_ott/danz-movie/src/user/strategies/local.strategy.ts","statementMap":{"0":{"start":{"line":1,"column":0},"end":{"line":1,"column":75}},"1":{"start":{"line":2,"column":0},"end":{"line":2,"column":52}},"2":{"start":{"line":3,"column":0},"end":{"line":3,"column":42}},"3":{"start":{"line":4,"column":0},"end":{"line":4,"column":35}},"4":{"start":{"line":5,"column":0},"end":{"line":5,"column":46}},"5":{"start":{"line":8,"column":26},"end":{"line":31,"column":null}},"6":{"start":{"line":11,"column":4},"end":{"line":13,"column":7}},"7":{"start":{"line":10,"column":31},"end":{"line":10,"column":44}},"8":{"start":{"line":9,"column":19},"end":{"line":9,"column":59}},"9":{"start":{"line":17,"column":17},"end":{"line":17,"column":64}},"10":{"start":{"line":18,"column":4},"end":{"line":21,"column":5}},"11":{"start":{"line":19,"column":6},"end":{"line":19,"column":51}},"12":{"start":{"line":20,"column":6},"end":{"line":20,"column":40}},"13":{"start":{"line":22,"column":4},"end":{"line":22,"column":45}},"14":{"start":{"line":24,"column":4},"end":{"line":27,"column":5}},"15":{"start":{"line":25,"column":6},"end":{"line":25,"column":68}},"16":{"start":{"line":26,"column":6},"end":{"line":26,"column":40}},"17":{"start":{"line":29,"column":4},"end":{"line":29,"column":16}},"18":{"start":{"line":8,"column":13},"end":{"line":8,"column":26}},"19":{"start":{"line":8,"column":13},"end":{"line":31,"column":null}}},"fnMap":{"0":{"name":"(anonymous_2)","decl":{"start":{"line":10,"column":2},"end":{"line":10,"column":31}},"loc":{"start":{"line":10,"column":55},"end":{"line":14,"column":3}}},"1":{"name":"(anonymous_3)","decl":{"start":{"line":16,"column":9},"end":{"line":16,"column":14}},"loc":{"start":{"line":16,"column":58},"end":{"line":30,"column":3}}}},"branchMap":{"0":{"loc":{"start":{"line":18,"column":4},"end":{"line":21,"column":5}},"type":"if","locations":[{"start":{"line":18,"column":4},"end":{"line":21,"column":5}}]},"1":{"loc":{"start":{"line":24,"column":4},"end":{"line":27,"column":5}},"type":"if","locations":[{"start":{"line":24,"column":4},"end":{"line":27,"column":5}}]}},"s":{"0":0,"1":0,"2":0,"3":0,"4":0,"5":0,"6":0,"7":0,"8":0,"9":0,"10":0,"11":0,"12":0,"13":0,"14":0,"15":0,"16":0,"17":0,"18":0,"19":0},"f":{"0":0,"1":0},"b":{"0":[0],"1":[0]}}
}
